2025-05-23 23:09:02.373 [warning] Creation of workbench contribution 'workbench.contrib.navigableContainerManager' took 25ms.
2025-05-23 23:09:02.450 [warning] Creation of workbench contribution 'workbench.contrib.extensionPoints' took 58ms.
2025-05-23 23:09:02.487 [warning] Creation of workbench contribution 'workbench.contrib.viewsExtensionHandler' took 30ms.
2025-05-23 23:09:03.166 [warning] Creation of workbench contribution 'workbench.contrib.preferencesActions' took 667ms.
2025-05-23 23:09:03.307 [warning] Creation of workbench contribution 'workbench.contrib.notebook' took 115ms.
2025-05-23 23:09:03.363 [warning] Creation of workbench contribution 'workbench.contrib.cellContentProvider' took 43ms.
2025-05-23 23:09:03.414 [warning] Creation of workbench contribution 'workbench.contrib.cellInfoContentProvider' took 28ms.
2025-05-23 23:09:03.459 [warning] Creation of workbench contribution 'workbench.contrib.registerCellSchemas' took 36ms.
2025-05-23 23:09:03.949 [warning] Creation of workbench contribution 'workbench.contrib.explorerViewletViews' took 468ms.
2025-05-23 23:09:04.022 [warning] Creation of workbench contribution 'workbench.contrib.fileUriLabel' took 25ms.
2025-05-23 23:09:04.202 [warning] Creation of workbench contribution 'workbench.contrib.dirtyFilesIndicator' took 47ms.
2025-05-23 23:09:04.210 [warning] Creation of workbench contribution 'workbench.contrib.multiDiffEditorResolver' took 23ms.
2025-05-23 23:09:04.220 [warning] Creation of workbench contribution 'workbench.contrib.scmMultiDiffSourceResolver' took 26ms.
2025-05-23 23:09:04.259 [warning] Creation of workbench contribution 'workbench.contrib.complexCustomWorkingCopyEditorHandler' took 37ms.
2025-05-23 23:09:04.342 [warning] Creation of workbench contribution 'terminalMain' took 62ms.
2025-05-23 23:09:04.828 [warning] Creation of workbench contribution 'workbench.contrib.remoteStatusIndicator' took 435ms.
2025-05-23 23:09:04.913 [warning] Creation of workbench contribution 'workbench.contrib.dialogHandler' took 60ms.
2025-05-23 23:09:04.958 [warning] Creation of workbench contribution 'workbench.contrib.nativeWorkingCopyBackupTracker' took 43ms.
2025-05-23 23:09:05.119 [warning] Creation of workbench contribution 'workbench.contrib.localTerminalBackend' took 140ms.
2025-05-23 23:09:05.167 [warning] Creation of workbench contribution 'workbench.contrib.editorAutoSave' took 23ms.
2025-05-23 23:09:05.396 [warning] Creation of workbench contribution 'workbench.contrib.editorStatus' took 176ms.
2025-05-23 23:09:05.718 [warning] Creation of workbench contribution 'workbench.contrib.textMateTokenizationInstantiator' took 147ms.
2025-05-23 23:09:05.864 [warning] Creation of workbench contribution 'workbench.contrib.treeSitterTokenizationInstantiator' took 68ms.
2025-05-23 23:09:06.364 [warning] Creation of workbench contribution 'workbench.contrib.notebookChatContribution' took 192ms.
2025-05-23 23:09:06.371 [warning] Creation of workbench contribution 'workbench.contrib.markerListProvider' took 26ms.
2025-05-23 23:09:06.375 [warning] Creation of workbench contribution 'workbench.contrib.notebookEditorManager' took 21ms.
2025-05-23 23:09:06.381 [warning] Creation of workbench contribution 'workbench.contrib.toolsExtensionPointHandler' took 29ms.
2025-05-23 23:09:06.385 [warning] Creation of workbench contribution 'workbench.contrib.copilotTitleBarMenuRendering' took 59ms.
2025-05-23 23:09:06.409 [warning] Creation of workbench contribution 'workbench.contrib.chatSetup' took 114ms.
2025-05-23 23:09:06.424 [warning] Creation of workbench contribution 'workbench.contrib.chatStatusBarEntry' took 31ms.
2025-05-23 23:09:06.622 [warning] Creation of workbench contribution 'mcpContextKeys' took 239ms.
2025-05-23 23:09:06.689 [warning] Creation of workbench contribution 'workbench.contrib.interactiveDocument' took 48ms.
2025-05-23 23:09:06.840 [warning] Creation of workbench contribution 'workbench.contrib.userDataProfiles' took 83ms.
2025-05-23 23:09:06.991 [warning] Creation of workbench contribution 'workbench.contrib.localHistoryTimeline' took 138ms.
2025-05-23 23:09:07.062 [warning] Creation of workbench contribution 'workbench.contrib.updateExperimentalSettingsDefaults' took 34ms.
2025-05-23 23:09:07.124 [warning] Creation of workbench contribution 'workbench.contrib.linuxSelectionClipboardPastePreventer' took 21ms.
2025-05-23 23:09:07.156 [warning] Creation of workbench contribution 'workbench.contrib.remoteTelemetryEnablementUpdater' took 25ms.
